<?xml version="1.0" encoding="UTF-8"?>
<testsuite xmlns:xsi="http://www.w3.org/2001/XMLSchema-instance" xsi:noNamespaceSchemaLocation="https://maven.apache.org/surefire/maven-surefire-plugin/xsd/surefire-test-report-3.0.xsd" version="3.0" name="com.sism.dao.StudentDAOTest" time="0.182" tests="10" errors="0" skipped="0" failures="0">
  <properties>
[...]
</properties>
  <testcase name="testFindByKeyword" classname="com.sism.dao.StudentDAOTest" time="0.088"/>
  <testcase name="testDeleteNotFound" classname="com.sism.dao.StudentDAOTest" time="0.003"/>
  <testcase name="testFindAll" classname="com.sism.dao.StudentDAOTest" time="0.003"/>
  <testcase name="testAddSuccess" classname="com.sism.dao.StudentDAOTest" time="0.006"/>
  <testcase name="testAddDuplicateFails" classname="com.sism.dao.StudentDAOTest" time="0.002"/>
  <testcase name="testFindById" classname="com.sism.dao.StudentDAOTest" time="0.002"/>
  <testcase name="testInitData" classname="com.sism.dao.StudentDAOTest" time="0.003"/>
  <testcase name="testUpdateNotFound" classname="com.sism.dao.StudentDAOTest" time="0.002"/>
  <testcase name="testDelete" classname="com.sism.dao.StudentDAOTest" time="0.002"/>
  <testcase name="testUpdate" classname="com.sism.dao.StudentDAOTest" time="0.004"/>
</testsuite>